TN:
SF:src/UniswapV2Factory.sol
FN:22,UniswapV2Factory.createPair
FNDA:19,UniswapV2Factory.createPair
DA:26,19
BRDA:26,0,0,1
BRDA:26,0,1,18
DA:28,18
DA:32,18
BRDA:32,1,0,2
BRDA:32,1,1,16
DA:34,16
BRDA:34,2,0,1
BRDA:34,2,1,15
DA:36,15
DA:37,15
DA:39,15
DA:42,15
DA:44,15
DA:45,15
DA:46,15
DA:48,15
FNF:1
FNH:1
LF:12
LH:12
BRF:6
BRH:6
end_of_record
TN:
SF:src/UniswapV2Library.sol
FN:13,UniswapV2Library.getReserves
FNDA:14,UniswapV2Library.getReserves
DA:18,24
DA:19,24
DA:22,24
FN:27,UniswapV2Library.quote
FNDA:9,UniswapV2Library.quote
DA:32,9
BRDA:32,0,0,-
BRDA:32,0,1,9
DA:33,9
BRDA:33,1,0,-
BRDA:33,1,1,9
DA:35,9
FN:38,UniswapV2Library.sortTokens
FNDA:75,UniswapV2Library.sortTokens
DA:42,75
FN:45,UniswapV2Library.pairFor
FNDA:47,UniswapV2Library.pairFor
DA:50,47
DA:51,47
FN:67,UniswapV2Library.getAmountOut
FNDA:4,UniswapV2Library.getAmountOut
DA:72,9
BRDA:72,2,0,1
BRDA:72,2,1,8
DA:73,8
BRDA:73,3,0,2
BRDA:73,3,1,6
DA:75,6
DA:76,6
DA:77,6
DA:79,6
FN:82,UniswapV2Library.getAmountsOut
FNDA:3,UniswapV2Library.getAmountsOut
DA:87,3
BRDA:87,4,0,1
BRDA:87,4,1,2
DA:88,2
DA:89,2
DA:91,2
DA:92,5
DA:97,5
DA:100,2
FN:103,UniswapV2Library.getAmountIn
FNDA:4,UniswapV2Library.getAmountIn
DA:108,9
BRDA:108,5,0,1
BRDA:108,5,1,8
DA:109,8
BRDA:109,6,0,2
BRDA:109,6,1,6
DA:111,6
DA:112,6
DA:114,6
FN:117,UniswapV2Library.getAmountsIn
FNDA:3,UniswapV2Library.getAmountsIn
DA:122,3
BRDA:122,7,0,1
BRDA:122,7,1,2
DA:123,2
DA:124,2
DA:126,2
DA:127,5
DA:132,5
DA:135,2
FNF:8
FNH:8
LF:34
LH:34
BRF:16
BRH:14
end_of_record
TN:
SF:src/UniswapV2Pair.sol
FN:68,UniswapV2Pair.initialize
FNDA:15,UniswapV2Pair.initialize
DA:69,15
BRDA:69,0,0,-
BRDA:69,0,1,15
DA:70,0
DA:72,15
DA:73,15
FN:76,UniswapV2Pair.mint
FNDA:46,UniswapV2Pair.mint
DA:77,46
DA:78,46
DA:79,46
DA:80,46
DA:81,46
DA:83,46
BRDA:83,1,0,39
BRDA:83,1,1,7
DA:84,39
DA:85,38
DA:87,7
DA:93,45
BRDA:93,2,0,1
BRDA:93,2,1,44
DA:95,44
DA:97,44
DA:99,44
FN:102,UniswapV2Pair.burn
FNDA:10,UniswapV2Pair.burn
DA:105,10
DA:106,10
DA:107,10
DA:109,10
DA:110,9
DA:112,9
BRDA:112,3,0,1
BRDA:112,3,1,8
DA:114,8
DA:116,8
DA:117,8
DA:119,8
DA:120,8
DA:122,8
DA:123,8
DA:125,8
FN:128,UniswapV2Pair.swap
FNDA:13,UniswapV2Pair.swap
DA:134,13
BRDA:134,4,0,1
BRDA:134,4,1,12
DA:135,1
DA:137,12
DA:139,12
BRDA:139,5,0,2
BRDA:139,5,1,10
DA:140,2
DA:142,10
BRDA:142,6,0,4
BRDA:142,6,1,10
DA:143,10
BRDA:143,7,0,7
BRDA:143,7,1,10
DA:144,10
BRDA:144,8,0,-
BRDA:144,8,1,-
DA:145,0
DA:152,10
DA:153,10
DA:155,10
DA:158,10
DA:162,10
BRDA:162,9,0,-
BRDA:162,9,1,10
DA:165,10
DA:166,10
DA:169,10
BRDA:168,10,0,2
BRDA:168,10,1,8
DA:171,2
DA:173,8
DA:175,8
FN:178,UniswapV2Pair.sync
FNDA:7,UniswapV2Pair.sync
DA:179,7
DA:180,7
FN:188,UniswapV2Pair.getReserves
FNDA:47,UniswapV2Pair.getReserves
DA:189,120
FN:199,UniswapV2Pair._update
FNDA:67,UniswapV2Pair._update
DA:205,67
BRDA:205,11,0,-
BRDA:205,11,1,67
DA:206,0
DA:209,67
DA:211,67
BRDA:211,12,0,7
BRDA:211,12,1,67
DA:212,7
DA:215,7
DA:221,67
DA:222,67
DA:223,67
DA:225,67
FN:228,UniswapV2Pair._safeTransfer
FNDA:27,UniswapV2Pair._safeTransfer
DA:229,27
DA:232,27
BRDA:232,13,0,-
BRDA:232,13,1,27
DA:233,0
FNF:8
FNH:8
LF:67
LH:63
BRF:28
BRH:22
end_of_record
TN:
SF:src/UniswapV2Router.sol
FN:21,UniswapV2Router.addLiquidity
FNDA:13,UniswapV2Router.addLiquidity
DA:30,13
BRDA:30,0,0,-
BRDA:30,0,1,9
DA:31,9
DA:34,13
DA:42,11
DA:47,11
DA:48,11
DA:49,11
FN:52,UniswapV2Router.removeLiquidity
FNDA:4,UniswapV2Router.removeLiquidity
DA:60,4
DA:65,4
DA:66,4
DA:67,4
BRDA:67,1,0,1
BRDA:67,1,1,3
DA:68,3
BRDA:68,2,0,1
BRDA:68,2,1,2
FN:71,UniswapV2Router.swapExactTokensForTokens
FNDA:1,UniswapV2Router.swapExactTokensForTokens
DA:77,1
DA:82,1
BRDA:82,3,0,-
BRDA:82,3,1,1
DA:83,0
DA:84,1
DA:90,1
FN:93,UniswapV2Router.swapTokensForExactTokens
FNDA:1,UniswapV2Router.swapTokensForExactTokens
DA:99,1
DA:104,1
BRDA:104,4,0,-
BRDA:104,4,1,1
DA:105,0
DA:106,1
DA:112,1
FN:122,UniswapV2Router._swap
FNDA:2,UniswapV2Router._swap
DA:127,2
DA:128,4
DA:129,4
DA:130,4
DA:131,4
DA:134,4
DA:141,4
FN:147,UniswapV2Router._calculateLiquidity
FNDA:13,UniswapV2Router._calculateLiquidity
DA:155,13
DA:161,13
BRDA:161,5,0,9
BRDA:161,5,1,4
DA:162,9
DA:164,4
DA:169,4
BRDA:169,6,0,1
BRDA:169,6,1,1
DA:170,2
BRDA:170,7,0,1
BRDA:170,7,1,1
DA:171,1
DA:173,2
DA:178,2
BRDA:178,8,0,-
BRDA:178,8,1,2
DA:180,2
BRDA:180,9,0,1
BRDA:180,9,1,1
DA:181,1
FN:186,UniswapV2Router._safeTransferFrom
FNDA:24,UniswapV2Router._safeTransferFrom
DA:192,24
DA:200,24
BRDA:200,10,0,-
BRDA:200,10,1,24
DA:201,0
FNF:7
FNH:7
LF:43
LH:40
BRF:22
BRH:17
end_of_record
TN:
SF:src/libraries/Math.sol
FN:5,Math.min
FNDA:7,Math.min
DA:6,7
FN:10,Math.sqrt
FNDA:39,Math.sqrt
DA:11,39
BRDA:11,0,0,2424
BRDA:11,0,1,38
DA:12,38
DA:13,38
DA:14,2462
DA:15,2424
DA:16,2424
DA:18,1
BRDA:18,1,0,-
BRDA:18,1,1,1
DA:19,0
FNF:2
FNH:2
LF:9
LH:8
BRF:4
BRH:3
end_of_record
TN:
SF:src/libraries/UQ112x112.sol
FN:7,UQ112x112.encode
FNDA:0,UQ112x112.encode
DA:8,0
FN:11,UQ112x112.uqdiv
FNDA:0,UQ112x112.uqdiv
DA:12,0
FNF:2
FNH:0
LF:2
LH:0
BRF:0
BRH:0
end_of_record
TN:
SF:test/UniswapV2Pair.t.sol
FN:477,TestUser.provideLiquidity
FNDA:1,TestUser.provideLiquidity
DA:484,1
DA:485,1
DA:487,1
FN:490,TestUser.removeLiquidity
FNDA:1,TestUser.removeLiquidity
DA:491,1
DA:492,1
DA:493,1
FNF:2
FNH:2
LF:6
LH:6
BRF:0
BRH:0
end_of_record
TN:
SF:test/mocks/MintERC20.sol
FN:12,MintERC20.mint
FNDA:0,MintERC20.mint
DA:13,0
FNF:1
FNH:0
LF:1
LH:0
BRF:0
BRH:0
end_of_record
